0 info it worked if it ends with ok
1 verbose cli [ 'C:\\Program Files\\nodejs\\node.exe',
1 verbose cli   'C:\\Program Files\\nodejs\\node_modules\\npm\\bin\\npm-cli.js',
1 verbose cli   'install',
1 verbose cli   'angular@1.4.1',
1 verbose cli   '--save-dev' ]
2 info using npm@3.10.10
3 info using node@v6.10.3
4 silly loadCurrentTree Starting
5 silly install loadCurrentTree
6 silly install readLocalPackageData
7 silly fetchPackageMetaData angular@1.4.1
8 silly fetchNamedPackageData angular
9 silly mapToRegistry name angular
10 silly mapToRegistry using default registry
11 silly mapToRegistry registry https://registry.npmjs.org/
12 silly mapToRegistry data Result {
12 silly mapToRegistry   raw: 'angular',
12 silly mapToRegistry   scope: null,
12 silly mapToRegistry   escapedName: 'angular',
12 silly mapToRegistry   name: 'angular',
12 silly mapToRegistry   rawSpec: '',
12 silly mapToRegistry   spec: 'latest',
12 silly mapToRegistry   type: 'tag' }
13 silly mapToRegistry uri https://registry.npmjs.org/angular
14 verbose request uri https://registry.npmjs.org/angular
15 verbose request no auth needed
16 info attempt registry request try #1 at 4:14:06 AM
17 verbose request id 62dfb95f0995812d
18 verbose etag "4WXJ4QXD6KFA3IYGHTZ4W5RZN"
19 http request GET https://registry.npmjs.org/angular
20 info retry will retry, error on last attempt: Error: tunneling socket could not be established, cause=getaddrinfo ENOTFOUND iedub98 iedub98:8080
21 info attempt registry request try #2 at 4:14:30 AM
22 verbose etag "4WXJ4QXD6KFA3IYGHTZ4W5RZN"
23 http request GET https://registry.npmjs.org/angular
24 info retry will retry, error on last attempt: Error: tunneling socket could not be established, cause=getaddrinfo ENOTFOUND iedub98 iedub98:8080
25 info attempt registry request try #3 at 4:15:32 AM
26 verbose etag "4WXJ4QXD6KFA3IYGHTZ4W5RZN"
27 http request GET https://registry.npmjs.org/angular
28 silly get cb [ 304, undefined ]
29 verbose etag https://registry.npmjs.org/angular from cache
30 verbose get saving angular to C:\Users\xwang4\AppData\Roaming\npm-cache\registry.npmjs.org\angular\.cache.json
31 verbose correctMkdir C:\Users\xwang4\AppData\Roaming\npm-cache correctMkdir not in flight; initializing
32 silly install normalizeTree
33 silly loadCurrentTree Finishing
34 silly loadIdealTree Starting
35 silly install loadIdealTree
36 silly cloneCurrentTree Starting
37 silly install cloneCurrentTreeToIdealTree
38 silly cloneCurrentTree Finishing
39 silly loadShrinkwrap Starting
40 silly install loadShrinkwrap
41 silly loadShrinkwrap Finishing
42 silly loadAllDepsIntoIdealTree Starting
43 silly install loadAllDepsIntoIdealTree
44 silly resolveWithNewModule angular@1.4.1 checking installable status
45 silly cache add args [ 'angular@1.4.1', null ]
46 verbose cache add spec angular@1.4.1
47 silly cache add parsed spec Result {
47 silly cache add   raw: 'angular@1.4.1',
47 silly cache add   scope: null,
47 silly cache add   escapedName: 'angular',
47 silly cache add   name: 'angular',
47 silly cache add   rawSpec: '1.4.1',
47 silly cache add   spec: '1.4.1',
47 silly cache add   type: 'version' }
48 silly addNamed angular@1.4.1
49 verbose addNamed "1.4.1" is a plain semver version for angular
50 silly mapToRegistry name angular
51 silly mapToRegistry using default registry
52 silly mapToRegistry registry https://registry.npmjs.org/
53 silly mapToRegistry data Result {
53 silly mapToRegistry   raw: 'angular',
53 silly mapToRegistry   scope: null,
53 silly mapToRegistry   escapedName: 'angular',
53 silly mapToRegistry   name: 'angular',
53 silly mapToRegistry   rawSpec: '',
53 silly mapToRegistry   spec: 'latest',
53 silly mapToRegistry   type: 'tag' }
54 silly mapToRegistry uri https://registry.npmjs.org/angular
55 verbose addNameVersion registry:https://registry.npmjs.org/angular not in flight; fetching
56 verbose get https://registry.npmjs.org/angular not expired, no request
57 silly mapToRegistry name angular
58 silly mapToRegistry using default registry
59 silly mapToRegistry registry https://registry.npmjs.org/
60 silly mapToRegistry data Result {
60 silly mapToRegistry   raw: 'angular',
60 silly mapToRegistry   scope: null,
60 silly mapToRegistry   escapedName: 'angular',
60 silly mapToRegistry   name: 'angular',
60 silly mapToRegistry   rawSpec: '',
60 silly mapToRegistry   spec: 'latest',
60 silly mapToRegistry   type: 'tag' }
61 silly mapToRegistry uri https://registry.npmjs.org/angular
62 verbose addRemoteTarball https://registry.npmjs.org/angular/-/angular-1.4.1.tgz not in flight; adding
63 verbose addRemoteTarball [ 'https://registry.npmjs.org/angular/-/angular-1.4.1.tgz',
63 verbose addRemoteTarball   '21af170852707c732560aad3ec18e90ddf7c8f26' ]
64 info retry fetch attempt 1 at 4:15:35 AM
65 info attempt registry request try #1 at 4:15:35 AM
66 http fetch GET https://registry.npmjs.org/angular/-/angular-1.4.1.tgz
67 info retry will retry, error on last attempt: Error: tunneling socket could not be established, cause=getaddrinfo ENOTFOUND iedub98 iedub98:8080
68 info attempt registry request try #2 at 4:15:47 AM
69 http fetch GET https://registry.npmjs.org/angular/-/angular-1.4.1.tgz
70 info retry will retry, error on last attempt: Error: tunneling socket could not be established, cause=getaddrinfo ENOTFOUND iedub98 iedub98:8080
71 info attempt registry request try #3 at 4:16:49 AM
72 http fetch GET https://registry.npmjs.org/angular/-/angular-1.4.1.tgz
73 error fetch failed https://registry.npmjs.org/angular/-/angular-1.4.1.tgz
74 warn retry will retry, error on last attempt: Error: tunneling socket could not be established, cause=getaddrinfo ENOTFOUND iedub98 iedub98:8080
75 info retry fetch attempt 2 at 4:17:01 AM
76 info attempt registry request try #1 at 4:17:01 AM
77 http fetch GET https://registry.npmjs.org/angular/-/angular-1.4.1.tgz
78 info retry will retry, error on last attempt: Error: tunneling socket could not be established, cause=getaddrinfo ENOTFOUND iedub98 iedub98:8080
79 info attempt registry request try #2 at 4:17:14 AM
80 http fetch GET https://registry.npmjs.org/angular/-/angular-1.4.1.tgz
81 info retry will retry, error on last attempt: Error: tunneling socket could not be established, cause=getaddrinfo ENOTFOUND iedub98 iedub98:8080
82 info attempt registry request try #3 at 4:18:16 AM
83 http fetch GET https://registry.npmjs.org/angular/-/angular-1.4.1.tgz
84 error fetch failed https://registry.npmjs.org/angular/-/angular-1.4.1.tgz
85 warn retry will retry, error on last attempt: Error: tunneling socket could not be established, cause=getaddrinfo ENOTFOUND iedub98 iedub98:8080
86 info retry fetch attempt 3 at 4:19:18 AM
87 info attempt registry request try #1 at 4:19:18 AM
88 http fetch GET https://registry.npmjs.org/angular/-/angular-1.4.1.tgz
89 info retry will retry, error on last attempt: Error: tunneling socket could not be established, cause=getaddrinfo ENOTFOUND iedub98 iedub98:8080
90 info attempt registry request try #2 at 4:19:30 AM
91 http fetch GET https://registry.npmjs.org/angular/-/angular-1.4.1.tgz
92 info retry will retry, error on last attempt: Error: tunneling socket could not be established, cause=getaddrinfo ENOTFOUND iedub98 iedub98:8080
93 info attempt registry request try #3 at 4:20:33 AM
94 http fetch GET https://registry.npmjs.org/angular/-/angular-1.4.1.tgz
95 error fetch failed https://registry.npmjs.org/angular/-/angular-1.4.1.tgz
96 silly rollbackFailedOptional Starting
97 silly rollbackFailedOptional Finishing
98 silly runTopLevelLifecycles Finishing
99 silly install printInstalled
100 verbose stack Error: tunneling socket could not be established, cause=getaddrinfo ENOTFOUND iedub98 iedub98:8080
100 verbose stack     at ClientRequest.onError (C:\Program Files\nodejs\node_modules\npm\node_modules\request\node_modules\tunnel-agent\index.js:176:17)
100 verbose stack     at ClientRequest.g (events.js:292:16)
100 verbose stack     at emitOne (events.js:96:13)
100 verbose stack     at ClientRequest.emit (events.js:188:7)
100 verbose stack     at Socket.socketErrorListener (_http_client.js:309:9)
100 verbose stack     at emitOne (events.js:96:13)
100 verbose stack     at Socket.emit (events.js:188:7)
100 verbose stack     at connectErrorNT (net.js:1021:8)
100 verbose stack     at _combinedTickCallback (internal/process/next_tick.js:80:11)
100 verbose stack     at process._tickCallback (internal/process/next_tick.js:104:9)
101 verbose cwd C:\Users\xwang4\playground\stephen
102 error Windows_NT 6.3.9600
103 error argv "C:\\Program Files\\nodejs\\node.exe" "C:\\Program Files\\nodejs\\node_modules\\npm\\bin\\npm-cli.js" "install" "angular@1.4.1" "--save-dev"
104 error node v6.10.3
105 error npm  v3.10.10
106 error code ECONNRESET
107 error network tunneling socket could not be established, cause=getaddrinfo ENOTFOUND iedub98 iedub98:8080
108 error network This is most likely not a problem with npm itself
108 error network and is related to network connectivity.
108 error network In most cases you are behind a proxy or have bad network settings.
108 error network
108 error network If you are behind a proxy, please make sure that the
108 error network 'proxy' config is set properly.  See: 'npm help config'
109 verbose exit [ 1, true ]
